<?xml version="1.0" encoding="UTF-8"?>
<testng-results ignored="0" total="3" passed="2" failed="1" skipped="0">
  <reporter-output>
  </reporter-output>
  <suite started-at="2021-05-28T21:25:08Z" name="All Test Suite" finished-at="2021-05-28T21:25:51Z" duration-ms="43186">
    <groups>
    </groups>
    <test started-at="2021-05-28T21:25:08Z" name="C:/Users/R/Documents/IdeaProjects/Examen2ParcialExercise3" finished-at="2021-05-28T21:25:51Z" duration-ms="43186">
      <class name="Exercise3">
        <test-method is-config="true" signature="setUrl()[pri:0, instance:Exercise3@4b0b0854]" started-at="2021-05-28T21:25:08Z" name="setUrl" finished-at="2021-05-28T21:25:18Z" duration-ms="9705" status="PASS">
          <reporter-output>
          </reporter-output>
        </test-method> <!-- setUrl -->
        <test-method signature="verifyEmptyField()[pri:0, instance:Exercise3@4b0b0854]" started-at="2021-05-28T21:25:18Z" name="verifyEmptyField" finished-at="2021-05-28T21:25:28Z" duration-ms="10230" status="FAIL">
          <exception class="java.lang.AssertionError">
            <message>
              <![CDATA[expected [true] but found [false]]]>
            </message>
            <full-stacktrace>
              <![CDATA[java.lang.AssertionError: expected [true] but found [false]
at org.testng.Assert.fail(Assert.java:96)
at org.testng.Assert.failNotEquals(Assert.java:776)
at org.testng.Assert.assertTrue(Assert.java:44)
at org.testng.Assert.assertTrue(Assert.java:54)
at Exercise3.verifyEmptyField(Exercise3.java:95)
at java.base/jdk.internal.reflect.NativeMethodAccessorImpl.invoke0(Native Method)
at java.base/jdk.internal.reflect.NativeMethodAccessorImpl.invoke(NativeMethodAccessorImpl.java:62)
at java.base/jdk.internal.reflect.DelegatingMethodAccessorImpl.invoke(DelegatingMethodAccessorImpl.java:43)
at java.base/java.lang.reflect.Method.invoke(Method.java:566)
at org.testng.internal.MethodInvocationHelper.invokeMethod(MethodInvocationHelper.java:124)
at org.testng.internal.Invoker.invokeMethod(Invoker.java:583)
at org.testng.internal.Invoker.invokeTestMethod(Invoker.java:719)
at org.testng.internal.Invoker.invokeTestMethods(Invoker.java:989)
at org.testng.internal.TestMethodWorker.invokeTestMethods(TestMethodWorker.java:125)
at org.testng.internal.TestMethodWorker.run(TestMethodWorker.java:109)
at org.testng.TestRunner.privateRun(TestRunner.java:648)
at org.testng.TestRunner.run(TestRunner.java:505)
at org.testng.SuiteRunner.runTest(SuiteRunner.java:455)
at org.testng.SuiteRunner.runSequentially(SuiteRunner.java:450)
at org.testng.SuiteRunner.privateRun(SuiteRunner.java:415)
at org.testng.SuiteRunner.run(SuiteRunner.java:364)
at org.testng.SuiteRunnerWorker.runSuite(SuiteRunnerWorker.java:52)
at org.testng.SuiteRunnerWorker.run(SuiteRunnerWorker.java:84)
at org.testng.TestNG.runSuitesSequentially(TestNG.java:1208)
at org.testng.TestNG.runSuitesLocally(TestNG.java:1137)
at org.testng.TestNG.runSuites(TestNG.java:1049)
at org.testng.TestNG.run(TestNG.java:1017)
at com.intellij.rt.testng.IDEARemoteTestNG.run(IDEARemoteTestNG.java:66)
at com.intellij.rt.testng.RemoteTestNGStarter.main(RemoteTestNGStarter.java:109)
]]>
            </full-stacktrace>
          </exception> <!-- java.lang.AssertionError -->
          <reporter-output>
          </reporter-output>
        </test-method> <!-- verifyEmptyField -->
        <test-method signature="verifyForm()[pri:0, instance:Exercise3@4b0b0854]" started-at="2021-05-28T21:25:28Z" name="verifyForm" finished-at="2021-05-28T21:25:40Z" duration-ms="11935" status="PASS">
          <reporter-output>
          </reporter-output>
        </test-method> <!-- verifyForm -->
        <test-method signature="VerifyInputValid()[pri:1, instance:Exercise3@4b0b0854]" started-at="2021-05-28T21:25:40Z" name="VerifyInputValid" finished-at="2021-05-28T21:25:51Z" duration-ms="11285" status="PASS">
          <reporter-output>
          </reporter-output>
        </test-method> <!-- VerifyInputValid -->
        <test-method is-config="true" signature="endSesion()[pri:0, instance:Exercise3@4b0b0854]" started-at="2021-05-28T21:25:51Z" name="endSesion" finished-at="2021-05-28T21:25:51Z" duration-ms="0" status="PASS">
          <reporter-output>
          </reporter-output>
        </test-method> <!-- endSesion -->
      </class> <!-- Exercise3 -->
    </test> <!-- C:/Users/R/Documents/IdeaProjects/Examen2ParcialExercise3 -->
  </suite> <!-- All Test Suite -->
</testng-results>
